The system is: Linux - 4.3.3-2-ARCH - x86_64
Compiling the C compiler identification source file "CMakeCCompilerId.c" succeeded.
Compiler: /usr/bin/clang-3.7 
Build flags: ;-fmessage-length=0;
Id flags: 

The output was:
0


Compilation of the C compiler identification source "CMakeCCompilerId.c" produced "a.out"

The C compiler identification is Clang, found in "/home/ulysses/development/rpi-osc/MultichannelOutput/linux/Debug/ogl/CMakeFiles/3.4.1/CompilerIdC/a.out"

Compiling the CXX compiler identification source file "CMakeCXXCompilerId.cpp" succeeded.
Compiler: /usr/bin/clang++ 
Build flags: ;-fmessage-length=0;;-fmessage-length=0;
Id flags: 

The output was:
0


Compilation of the CXX compiler identification source "CMakeCXXCompilerId.cpp" produced "a.out"

The CXX compiler identification is Clang, found in "/home/ulysses/development/rpi-osc/MultichannelOutput/linux/Debug/ogl/CMakeFiles/3.4.1/CompilerIdCXX/a.out"

Determining if the C compiler works passed with the following output:
Change Dir: /home/ulysses/development/rpi-osc/MultichannelOutput/linux/Debug/ogl/CMakeFiles/CMakeTmp

Run Build Command:"/usr/bin/make" "cmTC_244c6/fast"
/usr/bin/make -f CMakeFiles/cmTC_244c6.dir/build.make CMakeFiles/cmTC_244c6.dir/build
make[1]: Entering directory '/home/ulysses/development/rpi-osc/MultichannelOutput/linux/Debug/ogl/CMakeFiles/CMakeTmp'
Building C object CMakeFiles/cmTC_244c6.dir/testCCompiler.c.o
/usr/bin/clang-3.7    -fmessage-length=0     -o CMakeFiles/cmTC_244c6.dir/testCCompiler.c.o   -c /home/ulysses/development/rpi-osc/MultichannelOutput/linux/Debug/ogl/CMakeFiles/CMakeTmp/testCCompiler.c
Linking C executable cmTC_244c6
/usr/bin/cmake -E cmake_link_script CMakeFiles/cmTC_244c6.dir/link.txt --verbose=1
/usr/bin/clang-3.7   -fmessage-length=0      CMakeFiles/cmTC_244c6.dir/testCCompiler.c.o  -o cmTC_244c6 -rdynamic 
make[1]: Leaving directory '/home/ulysses/development/rpi-osc/MultichannelOutput/linux/Debug/ogl/CMakeFiles/CMakeTmp'


Detecting C compiler ABI info compiled with the following output:
Change Dir: /home/ulysses/development/rpi-osc/MultichannelOutput/linux/Debug/ogl/CMakeFiles/CMakeTmp

Run Build Command:"/usr/bin/make" "cmTC_0e5ca/fast"
/usr/bin/make -f CMakeFiles/cmTC_0e5ca.dir/build.make CMakeFiles/cmTC_0e5ca.dir/build
make[1]: Entering directory '/home/ulysses/development/rpi-osc/MultichannelOutput/linux/Debug/ogl/CMakeFiles/CMakeTmp'
Building C object CMakeFiles/cmTC_0e5ca.dir/CMakeCCompilerABI.c.o
/usr/bin/clang-3.7    -fmessage-length=0     -o CMakeFiles/cmTC_0e5ca.dir/CMakeCCompilerABI.c.o   -c /usr/share/cmake-3.4/Modules/CMakeCCompilerABI.c
Linking C executable cmTC_0e5ca
/usr/bin/cmake -E cmake_link_script CMakeFiles/cmTC_0e5ca.dir/link.txt --verbose=1
/usr/bin/clang-3.7   -fmessage-length=0     -v CMakeFiles/cmTC_0e5ca.dir/CMakeCCompilerABI.c.o  -o cmTC_0e5ca -rdynamic  
clang version 3.7.0 (tags/RELEASE_370/final)
Target: x86_64-unknown-linux-gnu
Thread model: posix
Found candidate GCC installation: /usr/bin/../lib/gcc/x86_64-unknown-linux-gnu/5.3.0
Found candidate GCC installation: /usr/bin/../lib64/gcc/x86_64-unknown-linux-gnu/5.3.0
Found candidate GCC installation: /usr/lib/gcc/x86_64-unknown-linux-gnu/5.3.0
Found candidate GCC installation: /usr/lib64/gcc/x86_64-unknown-linux-gnu/5.3.0
Selected GCC installation: /usr/bin/../lib64/gcc/x86_64-unknown-linux-gnu/5.3.0
Candidate multilib: .;@m64
Selected multilib: .;@m64
 "/usr/bin/ld" -export-dynamic --eh-frame-hdr -m elf_x86_64 -dynamic-linker /lib64/ld-linux-x86-64.so.2 -o cmTC_0e5ca /usr/bin/../lib64/gcc/x86_64-unknown-linux-gnu/5.3.0/../../../../lib64/crt1.o /usr/bin/../lib64/gcc/x86_64-unknown-linux-gnu/5.3.0/../../../../lib64/crti.o /usr/bin/../lib64/gcc/x86_64-unknown-linux-gnu/5.3.0/crtbegin.o -L/usr/bin/../lib64/gcc/x86_64-unknown-linux-gnu/5.3.0 -L/usr/bin/../lib64/gcc/x86_64-unknown-linux-gnu/5.3.0/../../../../lib64 -L/usr/bin/../lib64 -L/lib/../lib64 -L/usr/lib/../lib64 -L/usr/bin/../lib64/gcc/x86_64-unknown-linux-gnu/5.3.0/../../.. -L/usr/bin/../lib -L/lib -L/usr/lib CMakeFiles/cmTC_0e5ca.dir/CMakeCCompilerABI.c.o -lgcc --as-needed -lgcc_s --no-as-needed -lc -lgcc --as-needed -lgcc_s --no-as-needed /usr/bin/../lib64/gcc/x86_64-unknown-linux-gnu/5.3.0/crtend.o /usr/bin/../lib64/gcc/x86_64-unknown-linux-gnu/5.3.0/../../../../lib64/crtn.o
make[1]: Leaving directory '/home/ulysses/development/rpi-osc/MultichannelOutput/linux/Debug/ogl/CMakeFiles/CMakeTmp'


Parsed C implicit link information from above output:
  link line regex: [^( *|.*[/\])(llvm-link|([^/\]+-)?ld|collect2)[^/\]*( |$)]
  ignore line: [Change Dir: /home/ulysses/development/rpi-osc/MultichannelOutput/linux/Debug/ogl/CMakeFiles/CMakeTmp]
  ignore line: []
  ignore line: [Run Build Command:"/usr/bin/make" "cmTC_0e5ca/fast"]
  ignore line: [/usr/bin/make -f CMakeFiles/cmTC_0e5ca.dir/build.make CMakeFiles/cmTC_0e5ca.dir/build]
  ignore line: [make[1]: Entering directory '/home/ulysses/development/rpi-osc/MultichannelOutput/linux/Debug/ogl/CMakeFiles/CMakeTmp']
  ignore line: [Building C object CMakeFiles/cmTC_0e5ca.dir/CMakeCCompilerABI.c.o]
  ignore line: [/usr/bin/clang-3.7    -fmessage-length=0     -o CMakeFiles/cmTC_0e5ca.dir/CMakeCCompilerABI.c.o   -c /usr/share/cmake-3.4/Modules/CMakeCCompilerABI.c]
  ignore line: [Linking C executable cmTC_0e5ca]
  ignore line: [/usr/bin/cmake -E cmake_link_script CMakeFiles/cmTC_0e5ca.dir/link.txt --verbose=1]
  ignore line: [/usr/bin/clang-3.7   -fmessage-length=0     -v CMakeFiles/cmTC_0e5ca.dir/CMakeCCompilerABI.c.o  -o cmTC_0e5ca -rdynamic  ]
  ignore line: [clang version 3.7.0 (tags/RELEASE_370/final)]
  ignore line: [Target: x86_64-unknown-linux-gnu]
  ignore line: [Thread model: posix]
  ignore line: [Found candidate GCC installation: /usr/bin/../lib/gcc/x86_64-unknown-linux-gnu/5.3.0]
  ignore line: [Found candidate GCC installation: /usr/bin/../lib64/gcc/x86_64-unknown-linux-gnu/5.3.0]
  ignore line: [Found candidate GCC installation: /usr/lib/gcc/x86_64-unknown-linux-gnu/5.3.0]
  ignore line: [Found candidate GCC installation: /usr/lib64/gcc/x86_64-unknown-linux-gnu/5.3.0]
  ignore line: [Selected GCC installation: /usr/bin/../lib64/gcc/x86_64-unknown-linux-gnu/5.3.0]
  ignore line: [Candidate multilib: .]
  ignore line: [@m64]
  ignore line: [Selected multilib: .]
  ignore line: [@m64]
  link line: [ "/usr/bin/ld" -export-dynamic --eh-frame-hdr -m elf_x86_64 -dynamic-linker /lib64/ld-linux-x86-64.so.2 -o cmTC_0e5ca /usr/bin/../lib64/gcc/x86_64-unknown-linux-gnu/5.3.0/../../../../lib64/crt1.o /usr/bin/../lib64/gcc/x86_64-unknown-linux-gnu/5.3.0/../../../../lib64/crti.o /usr/bin/../lib64/gcc/x86_64-unknown-linux-gnu/5.3.0/crtbegin.o -L/usr/bin/../lib64/gcc/x86_64-unknown-linux-gnu/5.3.0 -L/usr/bin/../lib64/gcc/x86_64-unknown-linux-gnu/5.3.0/../../../../lib64 -L/usr/bin/../lib64 -L/lib/../lib64 -L/usr/lib/../lib64 -L/usr/bin/../lib64/gcc/x86_64-unknown-linux-gnu/5.3.0/../../.. -L/usr/bin/../lib -L/lib -L/usr/lib CMakeFiles/cmTC_0e5ca.dir/CMakeCCompilerABI.c.o -lgcc --as-needed -lgcc_s --no-as-needed -lc -lgcc --as-needed -lgcc_s --no-as-needed /usr/bin/../lib64/gcc/x86_64-unknown-linux-gnu/5.3.0/crtend.o /usr/bin/../lib64/gcc/x86_64-unknown-linux-gnu/5.3.0/../../../../lib64/crtn.o]
    arg [/usr/bin/ld] ==> ignore
    arg [-export-dynamic] ==> ignore
    arg [--eh-frame-hdr] ==> ignore
    arg [-m] ==> ignore
    arg [elf_x86_64] ==> ignore
    arg [-dynamic-linker] ==> ignore
    arg [/lib64/ld-linux-x86-64.so.2] ==> ignore
    arg [-o] ==> ignore
    arg [cmTC_0e5ca] ==> ignore
    arg [/usr/bin/../lib64/gcc/x86_64-unknown-linux-gnu/5.3.0/../../../../lib64/crt1.o] ==> ignore
    arg [/usr/bin/../lib64/gcc/x86_64-unknown-linux-gnu/5.3.0/../../../../lib64/crti.o] ==> ignore
    arg [/usr/bin/../lib64/gcc/x86_64-unknown-linux-gnu/5.3.0/crtbegin.o] ==> ignore
    arg [-L/usr/bin/../lib64/gcc/x86_64-unknown-linux-gnu/5.3.0] ==> dir [/usr/bin/../lib64/gcc/x86_64-unknown-linux-gnu/5.3.0]
    arg [-L/usr/bin/../lib64/gcc/x86_64-unknown-linux-gnu/5.3.0/../../../../lib64] ==> dir [/usr/bin/../lib64/gcc/x86_64-unknown-linux-gnu/5.3.0/../../../../lib64]
    arg [-L/usr/bin/../lib64] ==> dir [/usr/bin/../lib64]
    arg [-L/lib/../lib64] ==> dir [/lib/../lib64]
    arg [-L/usr/lib/../lib64] ==> dir [/usr/lib/../lib64]
    arg [-L/usr/bin/../lib64/gcc/x86_64-unknown-linux-gnu/5.3.0/../../..] ==> dir [/usr/bin/../lib64/gcc/x86_64-unknown-linux-gnu/5.3.0/../../..]
    arg [-L/usr/bin/../lib] ==> dir [/usr/bin/../lib]
    arg [-L/lib] ==> dir [/lib]
    arg [-L/usr/lib] ==> dir [/usr/lib]
    arg [CMakeFiles/cmTC_0e5ca.dir/CMakeCCompilerABI.c.o] ==> ignore
    arg [-lgcc] ==> lib [gcc]
    arg [--as-needed] ==> ignore
    arg [-lgcc_s] ==> lib [gcc_s]
    arg [--no-as-needed] ==> ignore
    arg [-lc] ==> lib [c]
    arg [-lgcc] ==> lib [gcc]
    arg [--as-needed] ==> ignore
    arg [-lgcc_s] ==> lib [gcc_s]
    arg [--no-as-needed] ==> ignore
    arg [/usr/bin/../lib64/gcc/x86_64-unknown-linux-gnu/5.3.0/crtend.o] ==> ignore
    arg [/usr/bin/../lib64/gcc/x86_64-unknown-linux-gnu/5.3.0/../../../../lib64/crtn.o] ==> ignore
  remove lib [gcc]
  remove lib [gcc_s]
  remove lib [gcc]
  remove lib [gcc_s]
  collapse library dir [/usr/bin/../lib64/gcc/x86_64-unknown-linux-gnu/5.3.0] ==> [/usr/lib64/gcc/x86_64-unknown-linux-gnu/5.3.0]
  collapse library dir [/usr/bin/../lib64/gcc/x86_64-unknown-linux-gnu/5.3.0/../../../../lib64] ==> [/usr/lib64]
  collapse library dir [/usr/bin/../lib64] ==> [/usr/lib64]
  collapse library dir [/lib/../lib64] ==> [/lib64]
  collapse library dir [/usr/lib/../lib64] ==> [/usr/lib64]
  collapse library dir [/usr/bin/../lib64/gcc/x86_64-unknown-linux-gnu/5.3.0/../../..] ==> [/usr/lib64]
  collapse library dir [/usr/bin/../lib] ==> [/usr/lib]
  collapse library dir [/lib] ==> [/lib]
  collapse library dir [/usr/lib] ==> [/usr/lib]
  implicit libs: [c]
  implicit dirs: [/usr/lib64/gcc/x86_64-unknown-linux-gnu/5.3.0;/usr/lib64;/lib64;/usr/lib;/lib]
  implicit fwks: []




Detecting C [-std=c11] compiler features compiled with the following output:
Change Dir: /home/ulysses/development/rpi-osc/MultichannelOutput/linux/Debug/ogl/CMakeFiles/CMakeTmp

Run Build Command:"/usr/bin/make" "cmTC_08075/fast"
/usr/bin/make -f CMakeFiles/cmTC_08075.dir/build.make CMakeFiles/cmTC_08075.dir/build
make[1]: Entering directory '/home/ulysses/development/rpi-osc/MultichannelOutput/linux/Debug/ogl/CMakeFiles/CMakeTmp'
Building C object CMakeFiles/cmTC_08075.dir/feature_tests.c.o
/usr/bin/clang-3.7    -fmessage-length=0     -std=c11 -o CMakeFiles/cmTC_08075.dir/feature_tests.c.o   -c /home/ulysses/development/rpi-osc/MultichannelOutput/linux/Debug/ogl/CMakeFiles/feature_tests.c
Linking C executable cmTC_08075
/usr/bin/cmake -E cmake_link_script CMakeFiles/cmTC_08075.dir/link.txt --verbose=1
/usr/bin/clang-3.7   -fmessage-length=0      CMakeFiles/cmTC_08075.dir/feature_tests.c.o  -o cmTC_08075 -rdynamic 
make[1]: Leaving directory '/home/ulysses/development/rpi-osc/MultichannelOutput/linux/Debug/ogl/CMakeFiles/CMakeTmp'


    Feature record: C_FEATURE:1c_function_prototypes
    Feature record: C_FEATURE:1c_restrict
    Feature record: C_FEATURE:1c_static_assert
    Feature record: C_FEATURE:1c_variadic_macros


Detecting C [-std=c99] compiler features compiled with the following output:
Change Dir: /home/ulysses/development/rpi-osc/MultichannelOutput/linux/Debug/ogl/CMakeFiles/CMakeTmp

Run Build Command:"/usr/bin/make" "cmTC_d9ea1/fast"
/usr/bin/make -f CMakeFiles/cmTC_d9ea1.dir/build.make CMakeFiles/cmTC_d9ea1.dir/build
make[1]: Entering directory '/home/ulysses/development/rpi-osc/MultichannelOutput/linux/Debug/ogl/CMakeFiles/CMakeTmp'
Building C object CMakeFiles/cmTC_d9ea1.dir/feature_tests.c.o
/usr/bin/clang-3.7    -fmessage-length=0     -std=c99 -o CMakeFiles/cmTC_d9ea1.dir/feature_tests.c.o   -c /home/ulysses/development/rpi-osc/MultichannelOutput/linux/Debug/ogl/CMakeFiles/feature_tests.c
Linking C executable cmTC_d9ea1
/usr/bin/cmake -E cmake_link_script CMakeFiles/cmTC_d9ea1.dir/link.txt --verbose=1
/usr/bin/clang-3.7   -fmessage-length=0      CMakeFiles/cmTC_d9ea1.dir/feature_tests.c.o  -o cmTC_d9ea1 -rdynamic 
make[1]: Leaving directory '/home/ulysses/development/rpi-osc/MultichannelOutput/linux/Debug/ogl/CMakeFiles/CMakeTmp'


    Feature record: C_FEATURE:1c_function_prototypes
    Feature record: C_FEATURE:1c_restrict
    Feature record: C_FEATURE:0c_static_assert
    Feature record: C_FEATURE:1c_variadic_macros


Detecting C [-std=c90] compiler features compiled with the following output:
Change Dir: /home/ulysses/development/rpi-osc/MultichannelOutput/linux/Debug/ogl/CMakeFiles/CMakeTmp

Run Build Command:"/usr/bin/make" "cmTC_22004/fast"
/usr/bin/make -f CMakeFiles/cmTC_22004.dir/build.make CMakeFiles/cmTC_22004.dir/build
make[1]: Entering directory '/home/ulysses/development/rpi-osc/MultichannelOutput/linux/Debug/ogl/CMakeFiles/CMakeTmp'
Building C object CMakeFiles/cmTC_22004.dir/feature_tests.c.o
/usr/bin/clang-3.7    -fmessage-length=0     -std=c90 -o CMakeFiles/cmTC_22004.dir/feature_tests.c.o   -c /home/ulysses/development/rpi-osc/MultichannelOutput/linux/Debug/ogl/CMakeFiles/feature_tests.c
Linking C executable cmTC_22004
/usr/bin/cmake -E cmake_link_script CMakeFiles/cmTC_22004.dir/link.txt --verbose=1
/usr/bin/clang-3.7   -fmessage-length=0      CMakeFiles/cmTC_22004.dir/feature_tests.c.o  -o cmTC_22004 -rdynamic 
make[1]: Leaving directory '/home/ulysses/development/rpi-osc/MultichannelOutput/linux/Debug/ogl/CMakeFiles/CMakeTmp'


    Feature record: C_FEATURE:1c_function_prototypes
    Feature record: C_FEATURE:0c_restrict
    Feature record: C_FEATURE:0c_static_assert
    Feature record: C_FEATURE:0c_variadic_macros
Determining if the CXX compiler works passed with the following output:
Change Dir: /home/ulysses/development/rpi-osc/MultichannelOutput/linux/Debug/ogl/CMakeFiles/CMakeTmp

Run Build Command:"/usr/bin/make" "cmTC_3a8c6/fast"
/usr/bin/make -f CMakeFiles/cmTC_3a8c6.dir/build.make CMakeFiles/cmTC_3a8c6.dir/build
make[1]: Entering directory '/home/ulysses/development/rpi-osc/MultichannelOutput/linux/Debug/ogl/CMakeFiles/CMakeTmp'
Building CXX object CMakeFiles/cmTC_3a8c6.dir/testCXXCompiler.cxx.o
/usr/bin/clang++     -fmessage-length=0  -fmessage-length=0     -o CMakeFiles/cmTC_3a8c6.dir/testCXXCompiler.cxx.o -c /home/ulysses/development/rpi-osc/MultichannelOutput/linux/Debug/ogl/CMakeFiles/CMakeTmp/testCXXCompiler.cxx
Linking CXX executable cmTC_3a8c6
/usr/bin/cmake -E cmake_link_script CMakeFiles/cmTC_3a8c6.dir/link.txt --verbose=1
/usr/bin/clang++    -fmessage-length=0  -fmessage-length=0      CMakeFiles/cmTC_3a8c6.dir/testCXXCompiler.cxx.o  -o cmTC_3a8c6 -rdynamic 
make[1]: Leaving directory '/home/ulysses/development/rpi-osc/MultichannelOutput/linux/Debug/ogl/CMakeFiles/CMakeTmp'


Detecting CXX compiler ABI info compiled with the following output:
Change Dir: /home/ulysses/development/rpi-osc/MultichannelOutput/linux/Debug/ogl/CMakeFiles/CMakeTmp

Run Build Command:"/usr/bin/make" "cmTC_66699/fast"
/usr/bin/make -f CMakeFiles/cmTC_66699.dir/build.make CMakeFiles/cmTC_66699.dir/build
make[1]: Entering directory '/home/ulysses/development/rpi-osc/MultichannelOutput/linux/Debug/ogl/CMakeFiles/CMakeTmp'
Building CXX object CMakeFiles/cmTC_66699.dir/CMakeCXXCompilerABI.cpp.o
/usr/bin/clang++     -fmessage-length=0  -fmessage-length=0     -o CMakeFiles/cmTC_66699.dir/CMakeCXXCompilerABI.cpp.o -c /usr/share/cmake-3.4/Modules/CMakeCXXCompilerABI.cpp
Linking CXX executable cmTC_66699
/usr/bin/cmake -E cmake_link_script CMakeFiles/cmTC_66699.dir/link.txt --verbose=1
/usr/bin/clang++    -fmessage-length=0  -fmessage-length=0     -v CMakeFiles/cmTC_66699.dir/CMakeCXXCompilerABI.cpp.o  -o cmTC_66699 -rdynamic  
clang version 3.7.0 (tags/RELEASE_370/final)
Target: x86_64-unknown-linux-gnu
Thread model: posix
Found candidate GCC installation: /usr/bin/../lib/gcc/x86_64-unknown-linux-gnu/5.3.0
Found candidate GCC installation: /usr/bin/../lib64/gcc/x86_64-unknown-linux-gnu/5.3.0
Found candidate GCC installation: /usr/lib/gcc/x86_64-unknown-linux-gnu/5.3.0
Found candidate GCC installation: /usr/lib64/gcc/x86_64-unknown-linux-gnu/5.3.0
Selected GCC installation: /usr/bin/../lib64/gcc/x86_64-unknown-linux-gnu/5.3.0
Candidate multilib: .;@m64
Selected multilib: .;@m64
 "/usr/bin/ld" -export-dynamic --eh-frame-hdr -m elf_x86_64 -dynamic-linker /lib64/ld-linux-x86-64.so.2 -o cmTC_66699 /usr/bin/../lib64/gcc/x86_64-unknown-linux-gnu/5.3.0/../../../../lib64/crt1.o /usr/bin/../lib64/gcc/x86_64-unknown-linux-gnu/5.3.0/../../../../lib64/crti.o /usr/bin/../lib64/gcc/x86_64-unknown-linux-gnu/5.3.0/crtbegin.o -L/usr/bin/../lib64/gcc/x86_64-unknown-linux-gnu/5.3.0 -L/usr/bin/../lib64/gcc/x86_64-unknown-linux-gnu/5.3.0/../../../../lib64 -L/usr/bin/../lib64 -L/lib/../lib64 -L/usr/lib/../lib64 -L/usr/bin/../lib64/gcc/x86_64-unknown-linux-gnu/5.3.0/../../.. -L/usr/bin/../lib -L/lib -L/usr/lib CMakeFiles/cmTC_66699.dir/CMakeCXXCompilerABI.cpp.o -lstdc++ -lm -lgcc_s -lgcc -lc -lgcc_s -lgcc /usr/bin/../lib64/gcc/x86_64-unknown-linux-gnu/5.3.0/crtend.o /usr/bin/../lib64/gcc/x86_64-unknown-linux-gnu/5.3.0/../../../../lib64/crtn.o
make[1]: Leaving directory '/home/ulysses/development/rpi-osc/MultichannelOutput/linux/Debug/ogl/CMakeFiles/CMakeTmp'


Parsed CXX implicit link information from above output:
  link line regex: [^( *|.*[/\])(llvm-link|([^/\]+-)?ld|collect2)[^/\]*( |$)]
  ignore line: [Change Dir: /home/ulysses/development/rpi-osc/MultichannelOutput/linux/Debug/ogl/CMakeFiles/CMakeTmp]
  ignore line: []
  ignore line: [Run Build Command:"/usr/bin/make" "cmTC_66699/fast"]
  ignore line: [/usr/bin/make -f CMakeFiles/cmTC_66699.dir/build.make CMakeFiles/cmTC_66699.dir/build]
  ignore line: [make[1]: Entering directory '/home/ulysses/development/rpi-osc/MultichannelOutput/linux/Debug/ogl/CMakeFiles/CMakeTmp']
  ignore line: [Building CXX object CMakeFiles/cmTC_66699.dir/CMakeCXXCompilerABI.cpp.o]
  ignore line: [/usr/bin/clang++     -fmessage-length=0  -fmessage-length=0     -o CMakeFiles/cmTC_66699.dir/CMakeCXXCompilerABI.cpp.o -c /usr/share/cmake-3.4/Modules/CMakeCXXCompilerABI.cpp]
  ignore line: [Linking CXX executable cmTC_66699]
  ignore line: [/usr/bin/cmake -E cmake_link_script CMakeFiles/cmTC_66699.dir/link.txt --verbose=1]
  ignore line: [/usr/bin/clang++    -fmessage-length=0  -fmessage-length=0     -v CMakeFiles/cmTC_66699.dir/CMakeCXXCompilerABI.cpp.o  -o cmTC_66699 -rdynamic  ]
  ignore line: [clang version 3.7.0 (tags/RELEASE_370/final)]
  ignore line: [Target: x86_64-unknown-linux-gnu]
  ignore line: [Thread model: posix]
  ignore line: [Found candidate GCC installation: /usr/bin/../lib/gcc/x86_64-unknown-linux-gnu/5.3.0]
  ignore line: [Found candidate GCC installation: /usr/bin/../lib64/gcc/x86_64-unknown-linux-gnu/5.3.0]
  ignore line: [Found candidate GCC installation: /usr/lib/gcc/x86_64-unknown-linux-gnu/5.3.0]
  ignore line: [Found candidate GCC installation: /usr/lib64/gcc/x86_64-unknown-linux-gnu/5.3.0]
  ignore line: [Selected GCC installation: /usr/bin/../lib64/gcc/x86_64-unknown-linux-gnu/5.3.0]
  ignore line: [Candidate multilib: .]
  ignore line: [@m64]
  ignore line: [Selected multilib: .]
  ignore line: [@m64]
  link line: [ "/usr/bin/ld" -export-dynamic --eh-frame-hdr -m elf_x86_64 -dynamic-linker /lib64/ld-linux-x86-64.so.2 -o cmTC_66699 /usr/bin/../lib64/gcc/x86_64-unknown-linux-gnu/5.3.0/../../../../lib64/crt1.o /usr/bin/../lib64/gcc/x86_64-unknown-linux-gnu/5.3.0/../../../../lib64/crti.o /usr/bin/../lib64/gcc/x86_64-unknown-linux-gnu/5.3.0/crtbegin.o -L/usr/bin/../lib64/gcc/x86_64-unknown-linux-gnu/5.3.0 -L/usr/bin/../lib64/gcc/x86_64-unknown-linux-gnu/5.3.0/../../../../lib64 -L/usr/bin/../lib64 -L/lib/../lib64 -L/usr/lib/../lib64 -L/usr/bin/../lib64/gcc/x86_64-unknown-linux-gnu/5.3.0/../../.. -L/usr/bin/../lib -L/lib -L/usr/lib CMakeFiles/cmTC_66699.dir/CMakeCXXCompilerABI.cpp.o -lstdc++ -lm -lgcc_s -lgcc -lc -lgcc_s -lgcc /usr/bin/../lib64/gcc/x86_64-unknown-linux-gnu/5.3.0/crtend.o /usr/bin/../lib64/gcc/x86_64-unknown-linux-gnu/5.3.0/../../../../lib64/crtn.o]
    arg [/usr/bin/ld] ==> ignore
    arg [-export-dynamic] ==> ignore
    arg [--eh-frame-hdr] ==> ignore
    arg [-m] ==> ignore
    arg [elf_x86_64] ==> ignore
    arg [-dynamic-linker] ==> ignore
    arg [/lib64/ld-linux-x86-64.so.2] ==> ignore
    arg [-o] ==> ignore
    arg [cmTC_66699] ==> ignore
    arg [/usr/bin/../lib64/gcc/x86_64-unknown-linux-gnu/5.3.0/../../../../lib64/crt1.o] ==> ignore
    arg [/usr/bin/../lib64/gcc/x86_64-unknown-linux-gnu/5.3.0/../../../../lib64/crti.o] ==> ignore
    arg [/usr/bin/../lib64/gcc/x86_64-unknown-linux-gnu/5.3.0/crtbegin.o] ==> ignore
    arg [-L/usr/bin/../lib64/gcc/x86_64-unknown-linux-gnu/5.3.0] ==> dir [/usr/bin/../lib64/gcc/x86_64-unknown-linux-gnu/5.3.0]
    arg [-L/usr/bin/../lib64/gcc/x86_64-unknown-linux-gnu/5.3.0/../../../../lib64] ==> dir [/usr/bin/../lib64/gcc/x86_64-unknown-linux-gnu/5.3.0/../../../../lib64]
    arg [-L/usr/bin/../lib64] ==> dir [/usr/bin/../lib64]
    arg [-L/lib/../lib64] ==> dir [/lib/../lib64]
    arg [-L/usr/lib/../lib64] ==> dir [/usr/lib/../lib64]
    arg [-L/usr/bin/../lib64/gcc/x86_64-unknown-linux-gnu/5.3.0/../../..] ==> dir [/usr/bin/../lib64/gcc/x86_64-unknown-linux-gnu/5.3.0/../../..]
    arg [-L/usr/bin/../lib] ==> dir [/usr/bin/../lib]
    arg [-L/lib] ==> dir [/lib]
    arg [-L/usr/lib] ==> dir [/usr/lib]
    arg [CMakeFiles/cmTC_66699.dir/CMakeCXXCompilerABI.cpp.o] ==> ignore
    arg [-lstdc++] ==> lib [stdc++]
    arg [-lm] ==> lib [m]
    arg [-lgcc_s] ==> lib [gcc_s]
    arg [-lgcc] ==> lib [gcc]
    arg [-lc] ==> lib [c]
    arg [-lgcc_s] ==> lib [gcc_s]
    arg [-lgcc] ==> lib [gcc]
    arg [/usr/bin/../lib64/gcc/x86_64-unknown-linux-gnu/5.3.0/crtend.o] ==> ignore
    arg [/usr/bin/../lib64/gcc/x86_64-unknown-linux-gnu/5.3.0/../../../../lib64/crtn.o] ==> ignore
  remove lib [gcc_s]
  remove lib [gcc]
  remove lib [gcc_s]
  remove lib [gcc]
  collapse library dir [/usr/bin/../lib64/gcc/x86_64-unknown-linux-gnu/5.3.0] ==> [/usr/lib64/gcc/x86_64-unknown-linux-gnu/5.3.0]
  collapse library dir [/usr/bin/../lib64/gcc/x86_64-unknown-linux-gnu/5.3.0/../../../../lib64] ==> [/usr/lib64]
  collapse library dir [/usr/bin/../lib64] ==> [/usr/lib64]
  collapse library dir [/lib/../lib64] ==> [/lib64]
  collapse library dir [/usr/lib/../lib64] ==> [/usr/lib64]
  collapse library dir [/usr/bin/../lib64/gcc/x86_64-unknown-linux-gnu/5.3.0/../../..] ==> [/usr/lib64]
  collapse library dir [/usr/bin/../lib] ==> [/usr/lib]
  collapse library dir [/lib] ==> [/lib]
  collapse library dir [/usr/lib] ==> [/usr/lib]
  implicit libs: [stdc++;m;c]
  implicit dirs: [/usr/lib64/gcc/x86_64-unknown-linux-gnu/5.3.0;/usr/lib64;/lib64;/usr/lib;/lib]
  implicit fwks: []




Detecting CXX [-std=c++14] compiler features compiled with the following output:
Change Dir: /home/ulysses/development/rpi-osc/MultichannelOutput/linux/Debug/ogl/CMakeFiles/CMakeTmp

Run Build Command:"/usr/bin/make" "cmTC_4a0b8/fast"
/usr/bin/make -f CMakeFiles/cmTC_4a0b8.dir/build.make CMakeFiles/cmTC_4a0b8.dir/build
make[1]: Entering directory '/home/ulysses/development/rpi-osc/MultichannelOutput/linux/Debug/ogl/CMakeFiles/CMakeTmp'
Building CXX object CMakeFiles/cmTC_4a0b8.dir/feature_tests.cxx.o
/usr/bin/clang++     -fmessage-length=0  -fmessage-length=0     -std=c++14 -o CMakeFiles/cmTC_4a0b8.dir/feature_tests.cxx.o -c /home/ulysses/development/rpi-osc/MultichannelOutput/linux/Debug/ogl/CMakeFiles/feature_tests.cxx
Linking CXX executable cmTC_4a0b8
/usr/bin/cmake -E cmake_link_script CMakeFiles/cmTC_4a0b8.dir/link.txt --verbose=1
/usr/bin/clang++    -fmessage-length=0  -fmessage-length=0      CMakeFiles/cmTC_4a0b8.dir/feature_tests.cxx.o  -o cmTC_4a0b8 -rdynamic 
make[1]: Leaving directory '/home/ulysses/development/rpi-osc/MultichannelOutput/linux/Debug/ogl/CMakeFiles/CMakeTmp'


    Feature record: CXX_FEATURE:1cxx_aggregate_default_initializers
    Feature record: CXX_FEATURE:1cxx_alias_templates
    Feature record: CXX_FEATURE:1cxx_alignas
    Feature record: CXX_FEATURE:1cxx_alignof
    Feature record: CXX_FEATURE:1cxx_attributes
    Feature record: CXX_FEATURE:1cxx_attribute_deprecated
    Feature record: CXX_FEATURE:1cxx_auto_type
    Feature record: CXX_FEATURE:1cxx_binary_literals
    Feature record: CXX_FEATURE:1cxx_constexpr
    Feature record: CXX_FEATURE:1cxx_contextual_conversions
    Feature record: CXX_FEATURE:1cxx_decltype
    Feature record: CXX_FEATURE:1cxx_decltype_auto
    Feature record: CXX_FEATURE:1cxx_decltype_incomplete_return_types
    Feature record: CXX_FEATURE:1cxx_default_function_template_args
    Feature record: CXX_FEATURE:1cxx_defaulted_functions
    Feature record: CXX_FEATURE:1cxx_defaulted_move_initializers
    Feature record: CXX_FEATURE:1cxx_delegating_constructors
    Feature record: CXX_FEATURE:1cxx_deleted_functions
    Feature record: CXX_FEATURE:1cxx_digit_separators
    Feature record: CXX_FEATURE:1cxx_enum_forward_declarations
    Feature record: CXX_FEATURE:1cxx_explicit_conversions
    Feature record: CXX_FEATURE:1cxx_extended_friend_declarations
    Feature record: CXX_FEATURE:1cxx_extern_templates
    Feature record: CXX_FEATURE:1cxx_final
    Feature record: CXX_FEATURE:1cxx_func_identifier
    Feature record: CXX_FEATURE:1cxx_generalized_initializers
    Feature record: CXX_FEATURE:1cxx_generic_lambdas
    Feature record: CXX_FEATURE:1cxx_inheriting_constructors
    Feature record: CXX_FEATURE:1cxx_inline_namespaces
    Feature record: CXX_FEATURE:1cxx_lambdas
    Feature record: CXX_FEATURE:1cxx_lambda_init_captures
    Feature record: CXX_FEATURE:1cxx_local_type_template_args
    Feature record: CXX_FEATURE:1cxx_long_long_type
    Feature record: CXX_FEATURE:1cxx_noexcept
    Feature record: CXX_FEATURE:1cxx_nonstatic_member_init
    Feature record: CXX_FEATURE:1cxx_nullptr
    Feature record: CXX_FEATURE:1cxx_override
    Feature record: CXX_FEATURE:1cxx_range_for
    Feature record: CXX_FEATURE:1cxx_raw_string_literals
    Feature record: CXX_FEATURE:1cxx_reference_qualified_functions
    Feature record: CXX_FEATURE:1cxx_relaxed_constexpr
    Feature record: CXX_FEATURE:1cxx_return_type_deduction
    Feature record: CXX_FEATURE:1cxx_right_angle_brackets
    Feature record: CXX_FEATURE:1cxx_rvalue_references
    Feature record: CXX_FEATURE:1cxx_sizeof_member
    Feature record: CXX_FEATURE:1cxx_static_assert
    Feature record: CXX_FEATURE:1cxx_strong_enums
    Feature record: CXX_FEATURE:1cxx_template_template_parameters
    Feature record: CXX_FEATURE:1cxx_thread_local
    Feature record: CXX_FEATURE:1cxx_trailing_return_types
    Feature record: CXX_FEATURE:1cxx_unicode_literals
    Feature record: CXX_FEATURE:1cxx_uniform_initialization
    Feature record: CXX_FEATURE:1cxx_unrestricted_unions
    Feature record: CXX_FEATURE:1cxx_user_literals
    Feature record: CXX_FEATURE:1cxx_variable_templates
    Feature record: CXX_FEATURE:1cxx_variadic_macros
    Feature record: CXX_FEATURE:1cxx_variadic_templates


Detecting CXX [-std=c++11] compiler features compiled with the following output:
Change Dir: /home/ulysses/development/rpi-osc/MultichannelOutput/linux/Debug/ogl/CMakeFiles/CMakeTmp

Run Build Command:"/usr/bin/make" "cmTC_7cc68/fast"
/usr/bin/make -f CMakeFiles/cmTC_7cc68.dir/build.make CMakeFiles/cmTC_7cc68.dir/build
make[1]: Entering directory '/home/ulysses/development/rpi-osc/MultichannelOutput/linux/Debug/ogl/CMakeFiles/CMakeTmp'
Building CXX object CMakeFiles/cmTC_7cc68.dir/feature_tests.cxx.o
/usr/bin/clang++     -fmessage-length=0  -fmessage-length=0     -std=c++11 -o CMakeFiles/cmTC_7cc68.dir/feature_tests.cxx.o -c /home/ulysses/development/rpi-osc/MultichannelOutput/linux/Debug/ogl/CMakeFiles/feature_tests.cxx
Linking CXX executable cmTC_7cc68
/usr/bin/cmake -E cmake_link_script CMakeFiles/cmTC_7cc68.dir/link.txt --verbose=1
/usr/bin/clang++    -fmessage-length=0  -fmessage-length=0      CMakeFiles/cmTC_7cc68.dir/feature_tests.cxx.o  -o cmTC_7cc68 -rdynamic 
make[1]: Leaving directory '/home/ulysses/development/rpi-osc/MultichannelOutput/linux/Debug/ogl/CMakeFiles/CMakeTmp'


    Feature record: CXX_FEATURE:0cxx_aggregate_default_initializers
    Feature record: CXX_FEATURE:1cxx_alias_templates
    Feature record: CXX_FEATURE:1cxx_alignas
    Feature record: CXX_FEATURE:1cxx_alignof
    Feature record: CXX_FEATURE:1cxx_attributes
    Feature record: CXX_FEATURE:0cxx_attribute_deprecated
    Feature record: CXX_FEATURE:1cxx_auto_type
    Feature record: CXX_FEATURE:0cxx_binary_literals
    Feature record: CXX_FEATURE:1cxx_constexpr
    Feature record: CXX_FEATURE:0cxx_contextual_conversions
    Feature record: CXX_FEATURE:1cxx_decltype
    Feature record: CXX_FEATURE:0cxx_decltype_auto
    Feature record: CXX_FEATURE:1cxx_decltype_incomplete_return_types
    Feature record: CXX_FEATURE:1cxx_default_function_template_args
    Feature record: CXX_FEATURE:1cxx_defaulted_functions
    Feature record: CXX_FEATURE:1cxx_defaulted_move_initializers
    Feature record: CXX_FEATURE:1cxx_delegating_constructors
    Feature record: CXX_FEATURE:1cxx_deleted_functions
    Feature record: CXX_FEATURE:0cxx_digit_separators
    Feature record: CXX_FEATURE:1cxx_enum_forward_declarations
    Feature record: CXX_FEATURE:1cxx_explicit_conversions
    Feature record: CXX_FEATURE:1cxx_extended_friend_declarations
    Feature record: CXX_FEATURE:1cxx_extern_templates
    Feature record: CXX_FEATURE:1cxx_final
    Feature record: CXX_FEATURE:1cxx_func_identifier
    Feature record: CXX_FEATURE:1cxx_generalized_initializers
    Feature record: CXX_FEATURE:0cxx_generic_lambdas
    Feature record: CXX_FEATURE:1cxx_inheriting_constructors
    Feature record: CXX_FEATURE:1cxx_inline_namespaces
    Feature record: CXX_FEATURE:1cxx_lambdas
    Feature record: CXX_FEATURE:0cxx_lambda_init_captures
    Feature record: CXX_FEATURE:1cxx_local_type_template_args
    Feature record: CXX_FEATURE:1cxx_long_long_type
    Feature record: CXX_FEATURE:1cxx_noexcept
    Feature record: CXX_FEATURE:1cxx_nonstatic_member_init
    Feature record: CXX_FEATURE:1cxx_nullptr
    Feature record: CXX_FEATURE:1cxx_override
    Feature record: CXX_FEATURE:1cxx_range_for
    Feature record: CXX_FEATURE:1cxx_raw_string_literals
    Feature record: CXX_FEATURE:1cxx_reference_qualified_functions
    Feature record: CXX_FEATURE:0cxx_relaxed_constexpr
    Feature record: CXX_FEATURE:0cxx_return_type_deduction
    Feature record: CXX_FEATURE:1cxx_right_angle_brackets
    Feature record: CXX_FEATURE:1cxx_rvalue_references
    Feature record: CXX_FEATURE:1cxx_sizeof_member
    Feature record: CXX_FEATURE:1cxx_static_assert
    Feature record: CXX_FEATURE:1cxx_strong_enums
    Feature record: CXX_FEATURE:1cxx_template_template_parameters
    Feature record: CXX_FEATURE:1cxx_thread_local
    Feature record: CXX_FEATURE:1cxx_trailing_return_types
    Feature record: CXX_FEATURE:1cxx_unicode_literals
    Feature record: CXX_FEATURE:1cxx_uniform_initialization
    Feature record: CXX_FEATURE:1cxx_unrestricted_unions
    Feature record: CXX_FEATURE:1cxx_user_literals
    Feature record: CXX_FEATURE:0cxx_variable_templates
    Feature record: CXX_FEATURE:1cxx_variadic_macros
    Feature record: CXX_FEATURE:1cxx_variadic_templates


Detecting CXX [-std=c++98] compiler features compiled with the following output:
Change Dir: /home/ulysses/development/rpi-osc/MultichannelOutput/linux/Debug/ogl/CMakeFiles/CMakeTmp

Run Build Command:"/usr/bin/make" "cmTC_a6a9d/fast"
/usr/bin/make -f CMakeFiles/cmTC_a6a9d.dir/build.make CMakeFiles/cmTC_a6a9d.dir/build
make[1]: Entering directory '/home/ulysses/development/rpi-osc/MultichannelOutput/linux/Debug/ogl/CMakeFiles/CMakeTmp'
Building CXX object CMakeFiles/cmTC_a6a9d.dir/feature_tests.cxx.o
/usr/bin/clang++     -fmessage-length=0  -fmessage-length=0     -std=c++98 -o CMakeFiles/cmTC_a6a9d.dir/feature_tests.cxx.o -c /home/ulysses/development/rpi-osc/MultichannelOutput/linux/Debug/ogl/CMakeFiles/feature_tests.cxx
Linking CXX executable cmTC_a6a9d
/usr/bin/cmake -E cmake_link_script CMakeFiles/cmTC_a6a9d.dir/link.txt --verbose=1
/usr/bin/clang++    -fmessage-length=0  -fmessage-length=0      CMakeFiles/cmTC_a6a9d.dir/feature_tests.cxx.o  -o cmTC_a6a9d -rdynamic 
make[1]: Leaving directory '/home/ulysses/development/rpi-osc/MultichannelOutput/linux/Debug/ogl/CMakeFiles/CMakeTmp'


    Feature record: CXX_FEATURE:0cxx_aggregate_default_initializers
    Feature record: CXX_FEATURE:0cxx_alias_templates
    Feature record: CXX_FEATURE:0cxx_alignas
    Feature record: CXX_FEATURE:0cxx_alignof
    Feature record: CXX_FEATURE:0cxx_attributes
    Feature record: CXX_FEATURE:0cxx_attribute_deprecated
    Feature record: CXX_FEATURE:0cxx_auto_type
    Feature record: CXX_FEATURE:0cxx_binary_literals
    Feature record: CXX_FEATURE:0cxx_constexpr
    Feature record: CXX_FEATURE:0cxx_contextual_conversions
    Feature record: CXX_FEATURE:0cxx_decltype
    Feature record: CXX_FEATURE:0cxx_decltype_auto
    Feature record: CXX_FEATURE:0cxx_decltype_incomplete_return_types
    Feature record: CXX_FEATURE:0cxx_default_function_template_args
    Feature record: CXX_FEATURE:0cxx_defaulted_functions
    Feature record: CXX_FEATURE:0cxx_defaulted_move_initializers
    Feature record: CXX_FEATURE:0cxx_delegating_constructors
    Feature record: CXX_FEATURE:0cxx_deleted_functions
    Feature record: CXX_FEATURE:0cxx_digit_separators
    Feature record: CXX_FEATURE:0cxx_enum_forward_declarations
    Feature record: CXX_FEATURE:0cxx_explicit_conversions
    Feature record: CXX_FEATURE:0cxx_extended_friend_declarations
    Feature record: CXX_FEATURE:0cxx_extern_templates
    Feature record: CXX_FEATURE:0cxx_final
    Feature record: CXX_FEATURE:0cxx_func_identifier
    Feature record: CXX_FEATURE:0cxx_generalized_initializers
    Feature record: CXX_FEATURE:0cxx_generic_lambdas
    Feature record: CXX_FEATURE:0cxx_inheriting_constructors
    Feature record: CXX_FEATURE:0cxx_inline_namespaces
    Feature record: CXX_FEATURE:0cxx_lambdas
    Feature record: CXX_FEATURE:0cxx_lambda_init_captures
    Feature record: CXX_FEATURE:0cxx_local_type_template_args
    Feature record: CXX_FEATURE:0cxx_long_long_type
    Feature record: CXX_FEATURE:0cxx_noexcept
    Feature record: CXX_FEATURE:0cxx_nonstatic_member_init
    Feature record: CXX_FEATURE:0cxx_nullptr
    Feature record: CXX_FEATURE:0cxx_override
    Feature record: CXX_FEATURE:0cxx_range_for
    Feature record: CXX_FEATURE:0cxx_raw_string_literals
    Feature record: CXX_FEATURE:0cxx_reference_qualified_functions
    Feature record: CXX_FEATURE:0cxx_relaxed_constexpr
    Feature record: CXX_FEATURE:0cxx_return_type_deduction
    Feature record: CXX_FEATURE:0cxx_right_angle_brackets
    Feature record: CXX_FEATURE:0cxx_rvalue_references
    Feature record: CXX_FEATURE:0cxx_sizeof_member
    Feature record: CXX_FEATURE:0cxx_static_assert
    Feature record: CXX_FEATURE:0cxx_strong_enums
    Feature record: CXX_FEATURE:1cxx_template_template_parameters
    Feature record: CXX_FEATURE:0cxx_thread_local
    Feature record: CXX_FEATURE:0cxx_trailing_return_types
    Feature record: CXX_FEATURE:0cxx_unicode_literals
    Feature record: CXX_FEATURE:0cxx_uniform_initialization
    Feature record: CXX_FEATURE:0cxx_unrestricted_unions
    Feature record: CXX_FEATURE:0cxx_user_literals
    Feature record: CXX_FEATURE:0cxx_variable_templates
    Feature record: CXX_FEATURE:0cxx_variadic_macros
    Feature record: CXX_FEATURE:0cxx_variadic_templates
